
Circuit 1 cell sky130_fd_pr__nfet_01v8 and Circuit 2 cell sky130_fd_pr__nfet_01v8 are black boxes.
Equate elements:  no current cell.
Device classes sky130_fd_pr__nfet_01v8 and sky130_fd_pr__nfet_01v8 are equivalent.

Circuit 1 cell sky130_fd_pr__pfet_01v8 and Circuit 2 cell sky130_fd_pr__pfet_01v8 are black boxes.
Equate elements:  no current cell.
Device classes sky130_fd_pr__pfet_01v8 and sky130_fd_pr__pfet_01v8 are equivalent.

Subcircuit summary:
Circuit 1: full_adder.spice                |Circuit 2: full_adder_layout.spice         
-------------------------------------------|-------------------------------------------
sky130_fd_pr__nfet_01v8 (14)               |sky130_fd_pr__nfet_01v8 (14)               
sky130_fd_pr__pfet_01v8 (14)               |sky130_fd_pr__pfet_01v8 (14)               
Number of devices: 28                      |Number of devices: 28                      
Number of nets: 19 **Mismatch**            |Number of nets: 22 **Mismatch**            
---------------------------------------------------------------------------------------
NET mismatches: Class fragments follow (with fanout counts):
Circuit 1: full_adder.spice                |Circuit 2: full_adder_layout.spice         

---------------------------------------------------------------------------------------
Net: net6                                  |Net: a_910_n1460#                          
  sky130_fd_pr__nfet_01v8/3 = 1            |  sky130_fd_pr__nfet_01v8/1 = 1            
  sky130_fd_pr__nfet_01v8/1 = 1            |  sky130_fd_pr__nfet_01v8/3 = 1            
                                           |                                           
Net: net7                                  |Net: a_410_n1460#                          
  sky130_fd_pr__nfet_01v8/3 = 1            |  sky130_fd_pr__nfet_01v8/3 = 1            
  sky130_fd_pr__nfet_01v8/1 = 1            |  sky130_fd_pr__nfet_01v8/1 = 1            
                                           |                                           
Net: net8                                  |Net: a_410_n300#                           
  sky130_fd_pr__pfet_01v8/3 = 1            |  sky130_fd_pr__pfet_01v8/1 = 1            
  sky130_fd_pr__pfet_01v8/1 = 1            |  sky130_fd_pr__pfet_01v8/3 = 1            
                                           |                                           
Net: net9                                  |Net: a_910_n2160#                          
  sky130_fd_pr__pfet_01v8/3 = 1            |  sky130_fd_pr__pfet_01v8/3 = 1            
  sky130_fd_pr__pfet_01v8/1 = 1            |  sky130_fd_pr__pfet_01v8/1 = 1            
                                           |                                           
Net: GND                                   |Net: gnd                                   
  sky130_fd_pr__nfet_01v8/4 = 14           |  sky130_fd_pr__pfet_01v8/1 = 3            
  sky130_fd_pr__nfet_01v8/3 = 6            |  sky130_fd_pr__nfet_01v8/3 = 4            
                                           |  sky130_fd_pr__pfet_01v8/3 = 4            
                                           |  sky130_fd_pr__nfet_01v8/1 = 2            
                                           |                                           
Net: net3                                  |Net: a_1290_n300#                          
  sky130_fd_pr__pfet_01v8/3 = 2            |  sky130_fd_pr__pfet_01v8/1 = 1            
  sky130_fd_pr__pfet_01v8/1 = 2            |  sky130_fd_pr__pfet_01v8/3 = 1            
                                           |                                           
Net: net5                                  |Net: a_n210_n1460#                         
  sky130_fd_pr__nfet_01v8/3 = 3            |  sky130_fd_pr__nfet_01v8/1 = 3            
  sky130_fd_pr__nfet_01v8/1 = 1            |  sky130_fd_pr__nfet_01v8/3 = 1            
                                           |                                           
Net: vdd                                   |Net: a_410_n2160#                          
  sky130_fd_pr__pfet_01v8/4 = 14           |  sky130_fd_pr__pfet_01v8/1 = 1            
  sky130_fd_pr__pfet_01v8/3 = 7            |  sky130_fd_pr__pfet_01v8/3 = 1            
                                           |                                           
(no matching net)                          |Net: a_n210_n1030#                         
                                           |  sky130_fd_pr__nfet_01v8/4 = 14           
                                           |                                           
(no matching net)                          |Net: w_n410_n2480#                         
                                           |  sky130_fd_pr__pfet_01v8/4 = 7            
                                           |                                           
(no matching net)                          |Net: w_n400_n400#                          
                                           |  sky130_fd_pr__pfet_01v8/4 = 7            
---------------------------------------------------------------------------------------

---------------------------------------------------------------------------------------
Net: net10                                 |Net: a_n90_n2160#                          
  sky130_fd_pr__pfet_01v8/3 = 2            |  sky130_fd_pr__pfet_01v8/3 = 3            
  sky130_fd_pr__pfet_01v8/1 = 3            |  sky130_fd_pr__pfet_01v8/1 = 2            
---------------------------------------------------------------------------------------

---------------------------------------------------------------------------------------
Net: cin                                   |Net: cin                                   
  sky130_fd_pr__nfet_01v8/2 = 3            |  sky130_fd_pr__nfet_01v8/2 = 3            
  sky130_fd_pr__pfet_01v8/2 = 3            |  sky130_fd_pr__pfet_01v8/2 = 3            
---------------------------------------------------------------------------------------

---------------------------------------------------------------------------------------
Net: a                                     |Net: a                                     
  sky130_fd_pr__nfet_01v8/2 = 4            |  sky130_fd_pr__nfet_01v8/2 = 4            
  sky130_fd_pr__pfet_01v8/2 = 4            |  sky130_fd_pr__pfet_01v8/2 = 4            
                                           |                                           
Net: b                                     |Net: b                                     
  sky130_fd_pr__nfet_01v8/2 = 4            |  sky130_fd_pr__nfet_01v8/2 = 4            
  sky130_fd_pr__pfet_01v8/2 = 4            |  sky130_fd_pr__pfet_01v8/2 = 4            
                                           |                                           
Net: sum_comp                              |Net: sum_comp                              
  sky130_fd_pr__nfet_01v8/1 = 4            |  sky130_fd_pr__nfet_01v8/3 = 4            
  sky130_fd_pr__pfet_01v8/1 = 2            |  sky130_fd_pr__pfet_01v8/3 = 2            
  sky130_fd_pr__nfet_01v8/2 = 1            |  sky130_fd_pr__nfet_01v8/2 = 1            
  sky130_fd_pr__pfet_01v8/2 = 1            |  sky130_fd_pr__pfet_01v8/2 = 1            
---------------------------------------------------------------------------------------

---------------------------------------------------------------------------------------
Net: cout_comp                             |Net: cout_comp                             
  sky130_fd_pr__nfet_01v8/1 = 3            |  sky130_fd_pr__nfet_01v8/1 = 3            
  sky130_fd_pr__pfet_01v8/1 = 2            |  sky130_fd_pr__pfet_01v8/1 = 2            
  sky130_fd_pr__nfet_01v8/2 = 2            |  sky130_fd_pr__nfet_01v8/2 = 2            
  sky130_fd_pr__pfet_01v8/2 = 2            |  sky130_fd_pr__pfet_01v8/2 = 2            
---------------------------------------------------------------------------------------
DEVICE mismatches: Class fragments follow (with node fanout counts):
Circuit 1: full_adder.spice                |Circuit 2: full_adder_layout.spice         

---------------------------------------------------------------------------------------
Instance: sky130_fd_pr__pfet_01v8:M21      |Instance: sky130_fd_pr__pfet_01v8:20       
  1 = 8                                    |  1 = 13                                   
  2 = 9                                    |  2 = 8                                    
  3 = 5                                    |  3 = 5                                    
  4 = 21                                   |  4 = 7                                    
                                           |                                           
Instance: sky130_fd_pr__pfet_01v8:M23      |Instance: sky130_fd_pr__pfet_01v8:2        
  1 = 5                                    |  1 = 13                                   
  2 = 8                                    |  2 = 8                                    
  3 = 21                                   |  3 = 5                                    
  4 = 21                                   |  4 = 7                                    
                                           |                                           
Instance: sky130_fd_pr__pfet_01v8:M22      |Instance: sky130_fd_pr__pfet_01v8:12       
  1 = 5                                    |  1 = 5                                    
  2 = 8                                    |  2 = 9                                    
  3 = 21                                   |  3 = 8                                    
  4 = 21                                   |  4 = 7                                    
                                           |                                           
Instance: sky130_fd_pr__pfet_01v8:M18      |Instance: sky130_fd_pr__pfet_01v8:6        
  1 = 8                                    |  1 = 2                                    
  2 = 8                                    |  2 = 8                                    
  3 = 2                                    |  3 = 8                                    
  4 = 21                                   |  4 = 7                                    
---------------------------------------------------------------------------------------

---------------------------------------------------------------------------------------
Instance: sky130_fd_pr__nfet_01v8:M15      |Instance: sky130_fd_pr__nfet_01v8:26       
  1 = 8                                    |  1 = 4                                    
  2 = 8                                    |  2 = 8                                    
  3 = 2                                    |  3 = 8                                    
  4 = 20                                   |  4 = 14                                   
                                           |                                           
Instance: sky130_fd_pr__nfet_01v8:M12      |Instance: sky130_fd_pr__nfet_01v8:15       
  1 = 8                                    |  1 = 2                                    
  2 = 8                                    |  2 = 8                                    
  3 = 4                                    |  3 = 8                                    
  4 = 20                                   |  4 = 14                                   
                                           |                                           
Instance: sky130_fd_pr__nfet_01v8:M11      |Instance: sky130_fd_pr__nfet_01v8:11       
  1 = 8                                    |  1 = 4                                    
  2 = 8                                    |  2 = 8                                    
  3 = 4                                    |  3 = 8                                    
  4 = 20                                   |  4 = 14                                   
                                           |                                           
Instance: sky130_fd_pr__nfet_01v8:M13      |Instance: sky130_fd_pr__nfet_01v8:13       
  1 = 8                                    |  1 = 4                                    
  2 = 6                                    |  2 = 6                                    
  3 = 4                                    |  3 = 8                                    
  4 = 20                                   |  4 = 14                                   
---------------------------------------------------------------------------------------
Netlists do not match.
Port matching may fail to disambiguate symmetries.
Cells have no pins;  pin matching not needed.
Device classes full_adder.spice and full_adder_layout.spice are equivalent.

Final result: Netlists do not match.
Port matching may fail to disambiguate symmetries.
