#! /usr/bin/vvp
:ivl_version "12.0 (stable)";
:ivl_delay_selection "TYPICAL";
:vpi_time_precision - 12;
:vpi_module "/usr/lib/x86_64-linux-gnu/ivl/system.vpi";
:vpi_module "/usr/lib/x86_64-linux-gnu/ivl/vhdl_sys.vpi";
:vpi_module "/usr/lib/x86_64-linux-gnu/ivl/vhdl_textio.vpi";
:vpi_module "/usr/lib/x86_64-linux-gnu/ivl/v2005_math.vpi";
:vpi_module "/usr/lib/x86_64-linux-gnu/ivl/va_math.vpi";
S_0x5d482a90f920 .scope module, "tb" "tb" 2 2;
 .timescale -12 -12;
v0x5d482a929550_0 .var "a", 0 0;
v0x5d482a929610_0 .var "b", 0 0;
v0x5d482a9296e0_0 .var "cin", 0 0;
v0x5d482a9297e0_0 .net "cout", 0 0, L_0x5d482a929950;  1 drivers
v0x5d482a9298b0_0 .net "sum", 0 0, L_0x5d482a929a40;  1 drivers
S_0x5d482a90fab0 .scope module, "fa1" "fa" 2 5, 3 1 0, S_0x5d482a90f920;
 .timescale 0 0;
    .port_info 0 /INPUT 1 "a";
    .port_info 1 /INPUT 1 "b";
    .port_info 2 /INPUT 1 "cin";
    .port_info 3 /OUTPUT 1 "sum";
    .port_info 4 /OUTPUT 1 "cout";
L_0x7e7adb6ae060 .functor BUFT 1, C4<0>, C4<0>, C4<0>, C4<0>;
v0x5d482a90fc90_0 .net *"_ivl_10", 0 0, L_0x7e7adb6ae060;  1 drivers
v0x5d482a928a70_0 .net *"_ivl_11", 1 0, L_0x5d482a929e30;  1 drivers
v0x5d482a928b50_0 .net *"_ivl_13", 1 0, L_0x5d482a929fe0;  1 drivers
L_0x7e7adb6ae0a8 .functor BUFT 1, C4<0>, C4<0>, C4<0>, C4<0>;
v0x5d482a928c40_0 .net *"_ivl_16", 0 0, L_0x7e7adb6ae0a8;  1 drivers
v0x5d482a928d20_0 .net *"_ivl_17", 1 0, L_0x5d482a92a160;  1 drivers
v0x5d482a928e50_0 .net *"_ivl_3", 1 0, L_0x5d482a929b80;  1 drivers
L_0x7e7adb6ae018 .functor BUFT 1, C4<0>, C4<0>, C4<0>, C4<0>;
v0x5d482a928f30_0 .net *"_ivl_6", 0 0, L_0x7e7adb6ae018;  1 drivers
v0x5d482a929010_0 .net *"_ivl_7", 1 0, L_0x5d482a929cc0;  1 drivers
v0x5d482a9290f0_0 .net "a", 0 0, v0x5d482a929550_0;  1 drivers
v0x5d482a9291b0_0 .net "b", 0 0, v0x5d482a929610_0;  1 drivers
v0x5d482a929270_0 .net "cin", 0 0, v0x5d482a9296e0_0;  1 drivers
v0x5d482a929330_0 .net "cout", 0 0, L_0x5d482a929950;  alias, 1 drivers
v0x5d482a9293f0_0 .net "sum", 0 0, L_0x5d482a929a40;  alias, 1 drivers
L_0x5d482a929950 .part L_0x5d482a92a160, 1, 1;
L_0x5d482a929a40 .part L_0x5d482a92a160, 0, 1;
L_0x5d482a929b80 .concat [ 1 1 0 0], v0x5d482a929550_0, L_0x7e7adb6ae018;
L_0x5d482a929cc0 .concat [ 1 1 0 0], v0x5d482a929610_0, L_0x7e7adb6ae060;
L_0x5d482a929e30 .arith/sum 2, L_0x5d482a929b80, L_0x5d482a929cc0;
L_0x5d482a929fe0 .concat [ 1 1 0 0], v0x5d482a9296e0_0, L_0x7e7adb6ae0a8;
L_0x5d482a92a160 .arith/sum 2, L_0x5d482a929e30, L_0x5d482a929fe0;
    .scope S_0x5d482a90f920;
T_0 ;
    %vpi_call 2 7 "$dumpfile", "fa.vcd" {0 0 0};
    %vpi_call 2 8 "$dumpvars", 32'sb00000000000000000000000000000001 {0 0 0};
    %end;
    .thread T_0;
    .scope S_0x5d482a90f920;
T_1 ;
    %pushi/vec4 0, 0, 1;
    %store/vec4 v0x5d482a929550_0, 0, 1;
    %pushi/vec4 0, 0, 1;
    %store/vec4 v0x5d482a929610_0, 0, 1;
    %pushi/vec4 0, 0, 1;
    %store/vec4 v0x5d482a9296e0_0, 0, 1;
    %delay 5, 0;
    %pushi/vec4 0, 0, 1;
    %store/vec4 v0x5d482a929550_0, 0, 1;
    %pushi/vec4 0, 0, 1;
    %store/vec4 v0x5d482a929610_0, 0, 1;
    %pushi/vec4 1, 0, 1;
    %store/vec4 v0x5d482a9296e0_0, 0, 1;
    %delay 5, 0;
    %pushi/vec4 0, 0, 1;
    %store/vec4 v0x5d482a929550_0, 0, 1;
    %pushi/vec4 1, 0, 1;
    %store/vec4 v0x5d482a929610_0, 0, 1;
    %pushi/vec4 0, 0, 1;
    %store/vec4 v0x5d482a9296e0_0, 0, 1;
    %delay 5, 0;
    %pushi/vec4 0, 0, 1;
    %store/vec4 v0x5d482a929550_0, 0, 1;
    %pushi/vec4 1, 0, 1;
    %store/vec4 v0x5d482a929610_0, 0, 1;
    %pushi/vec4 1, 0, 1;
    %store/vec4 v0x5d482a9296e0_0, 0, 1;
    %delay 5, 0;
    %pushi/vec4 1, 0, 1;
    %store/vec4 v0x5d482a929550_0, 0, 1;
    %pushi/vec4 0, 0, 1;
    %store/vec4 v0x5d482a929610_0, 0, 1;
    %pushi/vec4 0, 0, 1;
    %store/vec4 v0x5d482a9296e0_0, 0, 1;
    %delay 5, 0;
    %pushi/vec4 1, 0, 1;
    %store/vec4 v0x5d482a929550_0, 0, 1;
    %pushi/vec4 0, 0, 1;
    %store/vec4 v0x5d482a929610_0, 0, 1;
    %pushi/vec4 1, 0, 1;
    %store/vec4 v0x5d482a9296e0_0, 0, 1;
    %delay 5, 0;
    %pushi/vec4 1, 0, 1;
    %store/vec4 v0x5d482a929550_0, 0, 1;
    %pushi/vec4 1, 0, 1;
    %store/vec4 v0x5d482a929610_0, 0, 1;
    %pushi/vec4 0, 0, 1;
    %store/vec4 v0x5d482a9296e0_0, 0, 1;
    %delay 5, 0;
    %pushi/vec4 1, 0, 1;
    %store/vec4 v0x5d482a929550_0, 0, 1;
    %pushi/vec4 1, 0, 1;
    %store/vec4 v0x5d482a929610_0, 0, 1;
    %pushi/vec4 1, 0, 1;
    %store/vec4 v0x5d482a9296e0_0, 0, 1;
    %delay 5, 0;
    %pushi/vec4 0, 0, 1;
    %store/vec4 v0x5d482a929550_0, 0, 1;
    %pushi/vec4 0, 0, 1;
    %store/vec4 v0x5d482a929610_0, 0, 1;
    %pushi/vec4 0, 0, 1;
    %store/vec4 v0x5d482a9296e0_0, 0, 1;
    %end;
    .thread T_1;
    .scope S_0x5d482a90f920;
T_2 ;
    %vpi_call 2 22 "$monitor", "simtime = %0g, a = %b, b = %b, cin = %b, sum = %b, cout = %b", $time, v0x5d482a929550_0, v0x5d482a929610_0, v0x5d482a9296e0_0, v0x5d482a9298b0_0, v0x5d482a9297e0_0 {0 0 0};
    %end;
    .thread T_2;
# The file index is used to find the file name in the following table.
:file_names 4;
    "N/A";
    "<interactive>";
    "tb.v";
    "full_adder.v";
